06-Jun-2021 12:37:26.753 정보 [main] org.apache.catalina.startup.VersionLoggerListener.log 서버 버전 이름:    Apache Tomcat/8.5.65
06-Jun-2021 12:37:26.761 정보 [main] org.apache.catalina.startup.VersionLoggerListener.log Server 빌드 시각:  Mar 30 2021 12:28:40 UTC
06-Jun-2021 12:37:26.761 정보 [main] org.apache.catalina.startup.VersionLoggerListener.log Server 버전 번호:  8.5.65.0
06-Jun-2021 12:37:26.761 정보 [main] org.apache.catalina.startup.VersionLoggerListener.log 운영체제 이름:     Windows 10
06-Jun-2021 12:37:26.761 정보 [main] org.apache.catalina.startup.VersionLoggerListener.log 운영체제 버전:     10.0
06-Jun-2021 12:37:26.761 정보 [main] org.apache.catalina.startup.VersionLoggerListener.log 아키텍처:          amd64
06-Jun-2021 12:37:26.762 정보 [main] org.apache.catalina.startup.VersionLoggerListener.log 자바 홈:           C:\Program Files\Java\jre1.8.0_181
06-Jun-2021 12:37:26.762 정보 [main] org.apache.catalina.startup.VersionLoggerListener.log JVM 버전:          1.8.0_181-b13
06-Jun-2021 12:37:26.762 정보 [main] org.apache.catalina.startup.VersionLoggerListener.log JVM 벤더:          Oracle Corporation
06-Jun-2021 12:37:26.762 정보 [main] org.apache.catalina.startup.VersionLoggerListener.log CATALINA_BASE:     C:\ssw\web\jsp\apache
06-Jun-2021 12:37:26.762 정보 [main] org.apache.catalina.startup.VersionLoggerListener.log CATALINA_HOME:     C:\ssw\web\jsp\apache
06-Jun-2021 12:37:26.762 정보 [main] org.apache.catalina.startup.VersionLoggerListener.log 명령 행 아규먼트:  -Dcatalina.home=C:\ssw\web\jsp\apache
06-Jun-2021 12:37:26.764 정보 [main] org.apache.catalina.startup.VersionLoggerListener.log 명령 행 아규먼트:  -Dcatalina.base=C:\ssw\web\jsp\apache
06-Jun-2021 12:37:26.764 정보 [main] org.apache.catalina.startup.VersionLoggerListener.log 명령 행 아규먼트:  -Djava.io.tmpdir=C:\ssw\web\jsp\apache\temp
06-Jun-2021 12:37:26.765 정보 [main] org.apache.catalina.startup.VersionLoggerListener.log 명령 행 아규먼트:  -Djava.util.logging.manager=org.apache.juli.ClassLoaderLogManager
06-Jun-2021 12:37:26.766 정보 [main] org.apache.catalina.startup.VersionLoggerListener.log 명령 행 아규먼트:  -Djava.util.logging.config.file=C:\ssw\web\jsp\apache\conf\logging.properties
06-Jun-2021 12:37:26.766 정보 [main] org.apache.catalina.startup.VersionLoggerListener.log 명령 행 아규먼트:  exit
06-Jun-2021 12:37:26.767 정보 [main] org.apache.catalina.startup.VersionLoggerListener.log 명령 행 아규먼트:  abort
06-Jun-2021 12:37:26.767 정보 [main] org.apache.catalina.startup.VersionLoggerListener.log 명령 행 아규먼트:  -Xms128m
06-Jun-2021 12:37:26.768 정보 [main] org.apache.catalina.startup.VersionLoggerListener.log 명령 행 아규먼트:  -Xmx256m
06-Jun-2021 12:37:26.769 정보 [main] org.apache.catalina.core.AprLifecycleListener.lifecycleEvent 프로덕션 환경들에서 최적의 성능을 제공하는, APR 기반 Apache Tomcat Native 라이브러리가, 다음 java.library.path에서 발견되지 않습니다: [C:\ssw\web\jsp\apache\bin;C:\Windows\Sun\Java\bin;C:\Windows\system32;C:\Windows;C:\Program Files\Java\jre1.8.0_181\bin;C:\Program Files (x86)\Common Files\Oracle\Java\javapath;C:\Windows\system32;C:\Windows;C:\Windows\System32\Wbem;C:\Windows\System32\WindowsPowerShell\v1.0\;C:\Windows\System32\OpenSSH\;C:\Users\Seo\AppData\Local\Microsoft\WindowsApps;C:\Program Files\Bandizip\;C:\Program Files\Java\jdk1.8.0_181\bin;.]
06-Jun-2021 12:37:26.930 정보 [main] org.apache.coyote.AbstractProtocol.init 프로토콜 핸들러 ["http-nio-8004"]을(를) 초기화합니다.
06-Jun-2021 12:37:27.077 정보 [main] org.apache.tomcat.util.net.NioSelectorPool.getSharedSelector Using a shared selector for servlet write/read
06-Jun-2021 12:37:27.087 정보 [main] org.apache.catalina.startup.Catalina.load Initialization processed in 632 ms
06-Jun-2021 12:37:27.119 정보 [main] org.apache.catalina.core.StandardService.startInternal 서비스 [Catalina]을(를) 시작합니다.
06-Jun-2021 12:37:27.122 정보 [main] org.apache.catalina.core.StandardEngine.startInternal 서버 엔진을 시작합니다: [Apache Tomcat/8.5.65]
06-Jun-2021 12:37:27.137 정보 [localhost-startStop-1] org.apache.catalina.startup.HostConfig.deployDirectory 웹 애플리케이션 디렉토리 [C:\ssw\web\jsp\apache\webapps\docs]을(를) 배치합니다.
06-Jun-2021 12:37:27.303 정보 [localhost-startStop-1] org.apache.catalina.startup.HostConfig.deployDirectory 웹 애플리케이션 디렉토리 [C:\ssw\web\jsp\apache\webapps\docs]에 대한 배치가 [165] 밀리초에 완료되었습니다.
06-Jun-2021 12:37:27.308 정보 [localhost-startStop-1] org.apache.catalina.startup.HostConfig.deployDirectory 웹 애플리케이션 디렉토리 [C:\ssw\web\jsp\apache\webapps\manager]을(를) 배치합니다.
06-Jun-2021 12:37:27.340 정보 [localhost-startStop-1] org.apache.catalina.startup.HostConfig.deployDirectory 웹 애플리케이션 디렉토리 [C:\ssw\web\jsp\apache\webapps\manager]에 대한 배치가 [32] 밀리초에 완료되었습니다.
06-Jun-2021 12:37:27.343 정보 [localhost-startStop-1] org.apache.catalina.startup.HostConfig.deployDirectory 웹 애플리케이션 디렉토리 [C:\ssw\web\jsp\apache\webapps\ROOT]을(를) 배치합니다.
06-Jun-2021 12:37:27.364 정보 [localhost-startStop-1] org.apache.catalina.startup.HostConfig.deployDirectory 웹 애플리케이션 디렉토리 [C:\ssw\web\jsp\apache\webapps\ROOT]에 대한 배치가 [21] 밀리초에 완료되었습니다.
06-Jun-2021 12:37:27.369 정보 [main] org.apache.coyote.AbstractProtocol.start 프로토콜 핸들러 ["http-nio-8004"]을(를) 시작합니다.
06-Jun-2021 12:37:27.378 정보 [main] org.apache.catalina.startup.Catalina.start Server startup in 289 ms
06-Jun-2021 12:37:34.520 정보 [Thread-5] org.apache.coyote.AbstractProtocol.pause 프로토콜 핸들러 ["http-nio-8004"]을(를) 일시 정지 중
06-Jun-2021 12:37:34.602 정보 [Thread-5] org.apache.catalina.core.StandardService.stopInternal 서비스 [Catalina]을(를) 중지시킵니다.
06-Jun-2021 12:37:34.615 정보 [Thread-5] org.apache.coyote.AbstractProtocol.stop 프로토콜 핸들러 ["http-nio-8004"]을(를) 중지시킵니다.
06-Jun-2021 12:37:34.618 정보 [Thread-5] org.apache.coyote.AbstractProtocol.destroy 프로토콜 핸들러 ["http-nio-8004"]을(를) 소멸시킵니다.
06-Jun-2021 12:37:41.792 정보 [main] org.apache.catalina.startup.VersionLoggerListener.log 서버 버전 이름:    Apache Tomcat/8.5.65
06-Jun-2021 12:37:41.797 정보 [main] org.apache.catalina.startup.VersionLoggerListener.log Server 빌드 시각:  Mar 30 2021 12:28:40 UTC
06-Jun-2021 12:37:41.797 정보 [main] org.apache.catalina.startup.VersionLoggerListener.log Server 버전 번호:  8.5.65.0
06-Jun-2021 12:37:41.797 정보 [main] org.apache.catalina.startup.VersionLoggerListener.log 운영체제 이름:     Windows 10
06-Jun-2021 12:37:41.798 정보 [main] org.apache.catalina.startup.VersionLoggerListener.log 운영체제 버전:     10.0
06-Jun-2021 12:37:41.798 정보 [main] org.apache.catalina.startup.VersionLoggerListener.log 아키텍처:          amd64
06-Jun-2021 12:37:41.798 정보 [main] org.apache.catalina.startup.VersionLoggerListener.log 자바 홈:           C:\Program Files\Java\jre1.8.0_181
06-Jun-2021 12:37:41.798 정보 [main] org.apache.catalina.startup.VersionLoggerListener.log JVM 버전:          1.8.0_181-b13
06-Jun-2021 12:37:41.798 정보 [main] org.apache.catalina.startup.VersionLoggerListener.log JVM 벤더:          Oracle Corporation
06-Jun-2021 12:37:41.799 정보 [main] org.apache.catalina.startup.VersionLoggerListener.log CATALINA_BASE:     C:\ssw\web\jsp\apache
06-Jun-2021 12:37:41.799 정보 [main] org.apache.catalina.startup.VersionLoggerListener.log CATALINA_HOME:     C:\ssw\web\jsp\apache
06-Jun-2021 12:37:41.799 정보 [main] org.apache.catalina.startup.VersionLoggerListener.log 명령 행 아규먼트:  -Dcatalina.home=C:\ssw\web\jsp\apache
06-Jun-2021 12:37:41.800 정보 [main] org.apache.catalina.startup.VersionLoggerListener.log 명령 행 아규먼트:  -Dcatalina.base=C:\ssw\web\jsp\apache
06-Jun-2021 12:37:41.801 정보 [main] org.apache.catalina.startup.VersionLoggerListener.log 명령 행 아규먼트:  -Djava.io.tmpdir=C:\ssw\web\jsp\apache\temp
06-Jun-2021 12:37:41.802 정보 [main] org.apache.catalina.startup.VersionLoggerListener.log 명령 행 아규먼트:  -Djava.util.logging.manager=org.apache.juli.ClassLoaderLogManager
06-Jun-2021 12:37:41.803 정보 [main] org.apache.catalina.startup.VersionLoggerListener.log 명령 행 아규먼트:  -Djava.util.logging.config.file=C:\ssw\web\jsp\apache\conf\logging.properties
06-Jun-2021 12:37:41.803 정보 [main] org.apache.catalina.startup.VersionLoggerListener.log 명령 행 아규먼트:  exit
06-Jun-2021 12:37:41.804 정보 [main] org.apache.catalina.startup.VersionLoggerListener.log 명령 행 아규먼트:  abort
06-Jun-2021 12:37:41.804 정보 [main] org.apache.catalina.startup.VersionLoggerListener.log 명령 행 아규먼트:  -Xms128m
06-Jun-2021 12:37:41.805 정보 [main] org.apache.catalina.startup.VersionLoggerListener.log 명령 행 아규먼트:  -Xmx256m
06-Jun-2021 12:37:41.806 정보 [main] org.apache.catalina.core.AprLifecycleListener.lifecycleEvent 프로덕션 환경들에서 최적의 성능을 제공하는, APR 기반 Apache Tomcat Native 라이브러리가, 다음 java.library.path에서 발견되지 않습니다: [C:\ssw\web\jsp\apache\bin;C:\Windows\Sun\Java\bin;C:\Windows\system32;C:\Windows;C:\Program Files\Java\jre1.8.0_181\bin;C:\Program Files (x86)\Common Files\Oracle\Java\javapath;C:\Windows\system32;C:\Windows;C:\Windows\System32\Wbem;C:\Windows\System32\WindowsPowerShell\v1.0\;C:\Windows\System32\OpenSSH\;C:\Users\Seo\AppData\Local\Microsoft\WindowsApps;C:\Program Files\Bandizip\;C:\Program Files\Java\jdk1.8.0_181\bin;.]
06-Jun-2021 12:37:41.905 정보 [main] org.apache.coyote.AbstractProtocol.init 프로토콜 핸들러 ["http-nio-8004"]을(를) 초기화합니다.
06-Jun-2021 12:37:42.038 정보 [main] org.apache.tomcat.util.net.NioSelectorPool.getSharedSelector Using a shared selector for servlet write/read
06-Jun-2021 12:37:42.048 정보 [main] org.apache.catalina.startup.Catalina.load Initialization processed in 523 ms
06-Jun-2021 12:37:42.071 정보 [main] org.apache.catalina.core.StandardService.startInternal 서비스 [Catalina]을(를) 시작합니다.
06-Jun-2021 12:37:42.074 정보 [main] org.apache.catalina.core.StandardEngine.startInternal 서버 엔진을 시작합니다: [Apache Tomcat/8.5.65]
06-Jun-2021 12:37:42.087 정보 [localhost-startStop-1] org.apache.catalina.startup.HostConfig.deployDirectory 웹 애플리케이션 디렉토리 [C:\ssw\web\jsp\apache\webapps\docs]을(를) 배치합니다.
06-Jun-2021 12:37:42.250 정보 [localhost-startStop-1] org.apache.catalina.startup.HostConfig.deployDirectory 웹 애플리케이션 디렉토리 [C:\ssw\web\jsp\apache\webapps\docs]에 대한 배치가 [162] 밀리초에 완료되었습니다.
06-Jun-2021 12:37:42.253 정보 [localhost-startStop-1] org.apache.catalina.startup.HostConfig.deployDirectory 웹 애플리케이션 디렉토리 [C:\ssw\web\jsp\apache\webapps\manager]을(를) 배치합니다.
06-Jun-2021 12:37:42.286 정보 [localhost-startStop-1] org.apache.catalina.startup.HostConfig.deployDirectory 웹 애플리케이션 디렉토리 [C:\ssw\web\jsp\apache\webapps\manager]에 대한 배치가 [33] 밀리초에 완료되었습니다.
06-Jun-2021 12:37:42.288 정보 [localhost-startStop-1] org.apache.catalina.startup.HostConfig.deployDirectory 웹 애플리케이션 디렉토리 [C:\ssw\web\jsp\apache\webapps\ROOT]을(를) 배치합니다.
06-Jun-2021 12:37:42.305 정보 [localhost-startStop-1] org.apache.catalina.startup.HostConfig.deployDirectory 웹 애플리케이션 디렉토리 [C:\ssw\web\jsp\apache\webapps\ROOT]에 대한 배치가 [17] 밀리초에 완료되었습니다.
06-Jun-2021 12:37:42.311 정보 [main] org.apache.coyote.AbstractProtocol.start 프로토콜 핸들러 ["http-nio-8004"]을(를) 시작합니다.
06-Jun-2021 12:37:42.319 정보 [main] org.apache.catalina.startup.Catalina.start Server startup in 270 ms
06-Jun-2021 12:40:03.516 정보 [Thread-5] org.apache.coyote.AbstractProtocol.pause 프로토콜 핸들러 ["http-nio-8004"]을(를) 일시 정지 중
06-Jun-2021 12:40:03.646 정보 [Thread-5] org.apache.catalina.core.StandardService.stopInternal 서비스 [Catalina]을(를) 중지시킵니다.
06-Jun-2021 12:40:03.670 정보 [Thread-5] org.apache.coyote.AbstractProtocol.stop 프로토콜 핸들러 ["http-nio-8004"]을(를) 중지시킵니다.
06-Jun-2021 12:40:03.673 정보 [Thread-5] org.apache.coyote.AbstractProtocol.destroy 프로토콜 핸들러 ["http-nio-8004"]을(를) 소멸시킵니다.
